2023-11-20 01:18:57.552 ERROR --- [restartedMain] o.s.b.diagnostics.LoggingFailureAnalysisReporter - 

***************************
APPLICATION FAILED TO START
***************************

Description:

The dependencies of some of the beans in the application context form a cycle:

   userLoginController defined in file [C:\Users\88698\IdeaProjects\SpringShopDemo\build\classes\java\main\com\example\springdemo\controller\UserLoginController.class]
┌─────┐
|  hsUserServiceImpl defined in file [C:\Users\88698\IdeaProjects\SpringShopDemo\build\classes\java\main\com\example\springdemo\service\impl\HsUserServiceImpl.class]
↑     ↓
|  hsUserLoginLogServiceImpl defined in file [C:\Users\88698\IdeaProjects\SpringShopDemo\build\classes\java\main\com\example\springdemo\service\impl\HsUserLoginLogServiceImpl.class]
└─────┘


Action:

Relying upon circular references is discouraged and they are prohibited by default. Update your application to remove the dependency cycle between beans. As a last resort, it may be possible to break the cycle automatically by setting spring.main.allow-circular-references to true.

2023-11-20 01:19:32.103 ERROR --- [restartedMain] o.s.b.diagnostics.LoggingFailureAnalysisReporter - 

***************************
APPLICATION FAILED TO START
***************************

Description:

The dependencies of some of the beans in the application context form a cycle:

   userLoginController defined in file [C:\Users\88698\IdeaProjects\SpringShopDemo\build\classes\java\main\com\example\springdemo\controller\UserLoginController.class]
┌─────┐
|  hsUserServiceImpl defined in file [C:\Users\88698\IdeaProjects\SpringShopDemo\build\classes\java\main\com\example\springdemo\service\impl\HsUserServiceImpl.class]
↑     ↓
|  hsUserLoginLogServiceImpl defined in file [C:\Users\88698\IdeaProjects\SpringShopDemo\build\classes\java\main\com\example\springdemo\service\impl\HsUserLoginLogServiceImpl.class]
└─────┘


Action:

Relying upon circular references is discouraged and they are prohibited by default. Update your application to remove the dependency cycle between beans. As a last resort, it may be possible to break the cycle automatically by setting spring.main.allow-circular-references to true.

2023-11-20 01:22:55.325 ERROR --- [restartedMain] o.s.b.diagnostics.LoggingFailureAnalysisReporter - 

***************************
APPLICATION FAILED TO START
***************************

Description:

The dependencies of some of the beans in the application context form a cycle:

   userLoginController defined in file [C:\Users\88698\IdeaProjects\SpringShopDemo\build\classes\java\main\com\example\springdemo\controller\UserLoginController.class]
┌─────┐
|  hsUserServiceImpl defined in file [C:\Users\88698\IdeaProjects\SpringShopDemo\build\classes\java\main\com\example\springdemo\service\impl\HsUserServiceImpl.class]
↑     ↓
|  hsUserLoginLogServiceImpl defined in file [C:\Users\88698\IdeaProjects\SpringShopDemo\build\classes\java\main\com\example\springdemo\service\impl\HsUserLoginLogServiceImpl.class]
└─────┘


Action:

Relying upon circular references is discouraged and they are prohibited by default. Update your application to remove the dependency cycle between beans. As a last resort, it may be possible to break the cycle automatically by setting spring.main.allow-circular-references to true.

2023-11-20 01:23:39.420 ERROR --- [restartedMain] o.s.b.diagnostics.LoggingFailureAnalysisReporter - 

***************************
APPLICATION FAILED TO START
***************************

Description:

The dependencies of some of the beans in the application context form a cycle:

   userLoginController (field private com.example.springdemo.service.model.HsUserService com.example.springdemo.controller.UserLoginController.hsUserService)
┌─────┐
|  hsUserServiceImpl defined in file [C:\Users\88698\IdeaProjects\SpringShopDemo\build\classes\java\main\com\example\springdemo\service\impl\HsUserServiceImpl.class]
↑     ↓
|  hsUserLoginLogServiceImpl defined in file [C:\Users\88698\IdeaProjects\SpringShopDemo\build\classes\java\main\com\example\springdemo\service\impl\HsUserLoginLogServiceImpl.class]
└─────┘


Action:

Relying upon circular references is discouraged and they are prohibited by default. Update your application to remove the dependency cycle between beans. As a last resort, it may be possible to break the cycle automatically by setting spring.main.allow-circular-references to true.

2023-11-20 01:24:23.902 ERROR --- [restartedMain] o.s.b.diagnostics.LoggingFailureAnalysisReporter - 

***************************
APPLICATION FAILED TO START
***************************

Description:

The dependencies of some of the beans in the application context form a cycle:

   userLoginController defined in file [C:\Users\88698\IdeaProjects\SpringShopDemo\build\classes\java\main\com\example\springdemo\controller\UserLoginController.class]
┌─────┐
|  hsUserServiceImpl defined in file [C:\Users\88698\IdeaProjects\SpringShopDemo\build\classes\java\main\com\example\springdemo\service\impl\HsUserServiceImpl.class]
↑     ↓
|  hsUserLoginLogServiceImpl defined in file [C:\Users\88698\IdeaProjects\SpringShopDemo\build\classes\java\main\com\example\springdemo\service\impl\HsUserLoginLogServiceImpl.class]
└─────┘


Action:

Relying upon circular references is discouraged and they are prohibited by default. Update your application to remove the dependency cycle between beans. As a last resort, it may be possible to break the cycle automatically by setting spring.main.allow-circular-references to true.

