2023-03-09 01:25:41.335 WARN  --- [restartedMain] org.hibernate.orm.deprecation - HHH90000021: Encountered deprecated setting [javax.persistence.sharedCache.mode], use [jakarta.persistence.sharedCache.mode] instead
2023-03-09 01:25:42.604 WARN  --- [restartedMain] o.s.b.a.o.j.JpaBaseConfiguration$JpaWebConfiguration - spring.jpa.open-in-view is enabled by default. Therefore, database queries may be performed during view rendering. Explicitly configure spring.jpa.open-in-view to disable this warning
2023-03-09 01:25:42.810 WARN  --- [restartedMain] org.thymeleaf.templatemode.TemplateMode - [THYMELEAF][restartedMain] Unknown Template Mode 'HTML5'. Must be one of: 'HTML', 'XML', 'TEXT', 'JAVASCRIPT', 'CSS', 'RAW'. Using default Template Mode 'HTML'.
2023-03-09 01:27:42.864 WARN  --- [restartedMain] org.hibernate.orm.deprecation - HHH90000021: Encountered deprecated setting [javax.persistence.sharedCache.mode], use [jakarta.persistence.sharedCache.mode] instead
2023-03-09 01:27:44.404 WARN  --- [restartedMain] o.s.b.a.o.j.JpaBaseConfiguration$JpaWebConfiguration - spring.jpa.open-in-view is enabled by default. Therefore, database queries may be performed during view rendering. Explicitly configure spring.jpa.open-in-view to disable this warning
2023-03-09 01:27:44.635 WARN  --- [restartedMain] org.thymeleaf.templatemode.TemplateMode - [THYMELEAF][restartedMain] Unknown Template Mode 'HTML5'. Must be one of: 'HTML', 'XML', 'TEXT', 'JAVASCRIPT', 'CSS', 'RAW'. Using default Template Mode 'HTML'.
2023-03-09 01:31:39.797 WARN  --- [restartedMain] org.hibernate.orm.deprecation - HHH90000021: Encountered deprecated setting [javax.persistence.sharedCache.mode], use [jakarta.persistence.sharedCache.mode] instead
2023-03-09 01:31:41.239 WARN  --- [restartedMain] o.s.b.a.o.j.JpaBaseConfiguration$JpaWebConfiguration - spring.jpa.open-in-view is enabled by default. Therefore, database queries may be performed during view rendering. Explicitly configure spring.jpa.open-in-view to disable this warning
2023-03-09 01:31:41.459 WARN  --- [restartedMain] org.thymeleaf.templatemode.TemplateMode - [THYMELEAF][restartedMain] Unknown Template Mode 'HTML5'. Must be one of: 'HTML', 'XML', 'TEXT', 'JAVASCRIPT', 'CSS', 'RAW'. Using default Template Mode 'HTML'.
2023-03-09 01:34:09.127 WARN  --- [restartedMain] org.hibernate.orm.deprecation - HHH90000021: Encountered deprecated setting [javax.persistence.sharedCache.mode], use [jakarta.persistence.sharedCache.mode] instead
2023-03-09 01:34:10.203 WARN  --- [restartedMain] o.s.b.a.o.j.JpaBaseConfiguration$JpaWebConfiguration - spring.jpa.open-in-view is enabled by default. Therefore, database queries may be performed during view rendering. Explicitly configure spring.jpa.open-in-view to disable this warning
2023-03-09 01:34:10.379 WARN  --- [restartedMain] org.thymeleaf.templatemode.TemplateMode - [THYMELEAF][restartedMain] Unknown Template Mode 'HTML5'. Must be one of: 'HTML', 'XML', 'TEXT', 'JAVASCRIPT', 'CSS', 'RAW'. Using default Template Mode 'HTML'.
2023-03-09 01:35:05.782 WARN  --- [restartedMain] org.hibernate.orm.deprecation - HHH90000021: Encountered deprecated setting [javax.persistence.sharedCache.mode], use [jakarta.persistence.sharedCache.mode] instead
2023-03-09 01:35:07.021 WARN  --- [restartedMain] o.s.b.a.o.j.JpaBaseConfiguration$JpaWebConfiguration - spring.jpa.open-in-view is enabled by default. Therefore, database queries may be performed during view rendering. Explicitly configure spring.jpa.open-in-view to disable this warning
2023-03-09 01:35:07.197 WARN  --- [restartedMain] org.thymeleaf.templatemode.TemplateMode - [THYMELEAF][restartedMain] Unknown Template Mode 'HTML5'. Must be one of: 'HTML', 'XML', 'TEXT', 'JAVASCRIPT', 'CSS', 'RAW'. Using default Template Mode 'HTML'.
2023-03-09 01:37:22.900 WARN  --- [restartedMain] org.hibernate.orm.deprecation - HHH90000021: Encountered deprecated setting [javax.persistence.sharedCache.mode], use [jakarta.persistence.sharedCache.mode] instead
2023-03-09 01:37:24.605 WARN  --- [restartedMain] o.s.b.a.o.j.JpaBaseConfiguration$JpaWebConfiguration - spring.jpa.open-in-view is enabled by default. Therefore, database queries may be performed during view rendering. Explicitly configure spring.jpa.open-in-view to disable this warning
2023-03-09 01:37:24.891 WARN  --- [restartedMain] org.thymeleaf.templatemode.TemplateMode - [THYMELEAF][restartedMain] Unknown Template Mode 'HTML5'. Must be one of: 'HTML', 'XML', 'TEXT', 'JAVASCRIPT', 'CSS', 'RAW'. Using default Template Mode 'HTML'.
2023-03-09 01:37:52.895 WARN  --- [restartedMain] org.hibernate.orm.deprecation - HHH90000021: Encountered deprecated setting [javax.persistence.sharedCache.mode], use [jakarta.persistence.sharedCache.mode] instead
2023-03-09 01:37:54.389 WARN  --- [restartedMain] o.s.b.a.o.j.JpaBaseConfiguration$JpaWebConfiguration - spring.jpa.open-in-view is enabled by default. Therefore, database queries may be performed during view rendering. Explicitly configure spring.jpa.open-in-view to disable this warning
2023-03-09 01:37:54.845 WARN  --- [restartedMain] org.thymeleaf.templatemode.TemplateMode - [THYMELEAF][restartedMain] Unknown Template Mode 'HTML5'. Must be one of: 'HTML', 'XML', 'TEXT', 'JAVASCRIPT', 'CSS', 'RAW'. Using default Template Mode 'HTML'.
2023-03-09 01:38:05.133 WARN  --- [restartedMain] org.hibernate.orm.deprecation - HHH90000021: Encountered deprecated setting [javax.persistence.sharedCache.mode], use [jakarta.persistence.sharedCache.mode] instead
2023-03-09 01:38:06.668 WARN  --- [restartedMain] o.s.b.a.o.j.JpaBaseConfiguration$JpaWebConfiguration - spring.jpa.open-in-view is enabled by default. Therefore, database queries may be performed during view rendering. Explicitly configure spring.jpa.open-in-view to disable this warning
2023-03-09 01:38:06.911 WARN  --- [restartedMain] org.thymeleaf.templatemode.TemplateMode - [THYMELEAF][restartedMain] Unknown Template Mode 'HTML5'. Must be one of: 'HTML', 'XML', 'TEXT', 'JAVASCRIPT', 'CSS', 'RAW'. Using default Template Mode 'HTML'.
2023-03-09 01:40:03.121 WARN  --- [restartedMain] org.hibernate.orm.deprecation - HHH90000021: Encountered deprecated setting [javax.persistence.sharedCache.mode], use [jakarta.persistence.sharedCache.mode] instead
2023-03-09 01:40:04.618 WARN  --- [restartedMain] o.s.b.a.o.j.JpaBaseConfiguration$JpaWebConfiguration - spring.jpa.open-in-view is enabled by default. Therefore, database queries may be performed during view rendering. Explicitly configure spring.jpa.open-in-view to disable this warning
2023-03-09 01:40:04.891 WARN  --- [restartedMain] org.thymeleaf.templatemode.TemplateMode - [THYMELEAF][restartedMain] Unknown Template Mode 'HTML5'. Must be one of: 'HTML', 'XML', 'TEXT', 'JAVASCRIPT', 'CSS', 'RAW'. Using default Template Mode 'HTML'.
2023-03-09 01:40:21.955 WARN  --- [restartedMain] org.hibernate.orm.deprecation - HHH90000021: Encountered deprecated setting [javax.persistence.sharedCache.mode], use [jakarta.persistence.sharedCache.mode] instead
2023-03-09 01:40:23.644 WARN  --- [restartedMain] o.s.b.a.o.j.JpaBaseConfiguration$JpaWebConfiguration - spring.jpa.open-in-view is enabled by default. Therefore, database queries may be performed during view rendering. Explicitly configure spring.jpa.open-in-view to disable this warning
2023-03-09 01:40:23.855 WARN  --- [restartedMain] org.thymeleaf.templatemode.TemplateMode - [THYMELEAF][restartedMain] Unknown Template Mode 'HTML5'. Must be one of: 'HTML', 'XML', 'TEXT', 'JAVASCRIPT', 'CSS', 'RAW'. Using default Template Mode 'HTML'.
2023-03-09 01:40:59.878 WARN  --- [restartedMain] org.hibernate.orm.deprecation - HHH90000021: Encountered deprecated setting [javax.persistence.sharedCache.mode], use [jakarta.persistence.sharedCache.mode] instead
2023-03-09 01:41:01.395 WARN  --- [restartedMain] o.s.b.a.o.j.JpaBaseConfiguration$JpaWebConfiguration - spring.jpa.open-in-view is enabled by default. Therefore, database queries may be performed during view rendering. Explicitly configure spring.jpa.open-in-view to disable this warning
2023-03-09 01:41:01.659 WARN  --- [restartedMain] org.thymeleaf.templatemode.TemplateMode - [THYMELEAF][restartedMain] Unknown Template Mode 'HTML5'. Must be one of: 'HTML', 'XML', 'TEXT', 'JAVASCRIPT', 'CSS', 'RAW'. Using default Template Mode 'HTML'.
2023-03-09 01:41:14.798 WARN  --- [restartedMain] org.hibernate.orm.deprecation - HHH90000021: Encountered deprecated setting [javax.persistence.sharedCache.mode], use [jakarta.persistence.sharedCache.mode] instead
2023-03-09 01:41:16.145 WARN  --- [restartedMain] o.s.b.a.o.j.JpaBaseConfiguration$JpaWebConfiguration - spring.jpa.open-in-view is enabled by default. Therefore, database queries may be performed during view rendering. Explicitly configure spring.jpa.open-in-view to disable this warning
2023-03-09 01:41:16.415 WARN  --- [restartedMain] org.thymeleaf.templatemode.TemplateMode - [THYMELEAF][restartedMain] Unknown Template Mode 'HTML5'. Must be one of: 'HTML', 'XML', 'TEXT', 'JAVASCRIPT', 'CSS', 'RAW'. Using default Template Mode 'HTML'.
2023-03-09 01:41:30.707 WARN  --- [restartedMain] org.hibernate.orm.deprecation - HHH90000021: Encountered deprecated setting [javax.persistence.sharedCache.mode], use [jakarta.persistence.sharedCache.mode] instead
2023-03-09 01:41:32.081 WARN  --- [restartedMain] o.s.b.a.o.j.JpaBaseConfiguration$JpaWebConfiguration - spring.jpa.open-in-view is enabled by default. Therefore, database queries may be performed during view rendering. Explicitly configure spring.jpa.open-in-view to disable this warning
2023-03-09 01:41:32.327 WARN  --- [restartedMain] org.thymeleaf.templatemode.TemplateMode - [THYMELEAF][restartedMain] Unknown Template Mode 'HTML5'. Must be one of: 'HTML', 'XML', 'TEXT', 'JAVASCRIPT', 'CSS', 'RAW'. Using default Template Mode 'HTML'.
2023-03-09 01:41:57.935 WARN  --- [restartedMain] org.hibernate.orm.deprecation - HHH90000021: Encountered deprecated setting [javax.persistence.sharedCache.mode], use [jakarta.persistence.sharedCache.mode] instead
2023-03-09 01:41:59.326 WARN  --- [restartedMain] o.s.b.a.o.j.JpaBaseConfiguration$JpaWebConfiguration - spring.jpa.open-in-view is enabled by default. Therefore, database queries may be performed during view rendering. Explicitly configure spring.jpa.open-in-view to disable this warning
2023-03-09 01:41:59.571 WARN  --- [restartedMain] org.thymeleaf.templatemode.TemplateMode - [THYMELEAF][restartedMain] Unknown Template Mode 'HTML5'. Must be one of: 'HTML', 'XML', 'TEXT', 'JAVASCRIPT', 'CSS', 'RAW'. Using default Template Mode 'HTML'.
2023-03-09 01:42:40.782 WARN  --- [restartedMain] org.hibernate.orm.deprecation - HHH90000021: Encountered deprecated setting [javax.persistence.sharedCache.mode], use [jakarta.persistence.sharedCache.mode] instead
2023-03-09 01:42:41.919 WARN  --- [restartedMain] o.s.b.a.o.j.JpaBaseConfiguration$JpaWebConfiguration - spring.jpa.open-in-view is enabled by default. Therefore, database queries may be performed during view rendering. Explicitly configure spring.jpa.open-in-view to disable this warning
2023-03-09 01:42:42.107 WARN  --- [restartedMain] org.thymeleaf.templatemode.TemplateMode - [THYMELEAF][restartedMain] Unknown Template Mode 'HTML5'. Must be one of: 'HTML', 'XML', 'TEXT', 'JAVASCRIPT', 'CSS', 'RAW'. Using default Template Mode 'HTML'.
2023-03-09 01:43:32.167 WARN  --- [restartedMain] org.hibernate.orm.deprecation - HHH90000021: Encountered deprecated setting [javax.persistence.sharedCache.mode], use [jakarta.persistence.sharedCache.mode] instead
2023-03-09 01:43:33.285 WARN  --- [restartedMain] o.s.b.a.o.j.JpaBaseConfiguration$JpaWebConfiguration - spring.jpa.open-in-view is enabled by default. Therefore, database queries may be performed during view rendering. Explicitly configure spring.jpa.open-in-view to disable this warning
2023-03-09 01:43:33.518 WARN  --- [restartedMain] org.thymeleaf.templatemode.TemplateMode - [THYMELEAF][restartedMain] Unknown Template Mode 'HTML5'. Must be one of: 'HTML', 'XML', 'TEXT', 'JAVASCRIPT', 'CSS', 'RAW'. Using default Template Mode 'HTML'.
2023-03-09 01:45:55.144 WARN  --- [restartedMain] org.hibernate.orm.deprecation - HHH90000021: Encountered deprecated setting [javax.persistence.sharedCache.mode], use [jakarta.persistence.sharedCache.mode] instead
2023-03-09 01:45:56.595 WARN  --- [restartedMain] o.s.b.a.o.j.JpaBaseConfiguration$JpaWebConfiguration - spring.jpa.open-in-view is enabled by default. Therefore, database queries may be performed during view rendering. Explicitly configure spring.jpa.open-in-view to disable this warning
2023-03-09 01:45:56.789 WARN  --- [restartedMain] org.thymeleaf.templatemode.TemplateMode - [THYMELEAF][restartedMain] Unknown Template Mode 'HTML5'. Must be one of: 'HTML', 'XML', 'TEXT', 'JAVASCRIPT', 'CSS', 'RAW'. Using default Template Mode 'HTML'.
2023-03-09 01:46:02.467 WARN  --- [http-nio-8080-exec-3] o.s.w.s.m.support.DefaultHandlerExceptionResolver - Resolved [org.springframework.web.HttpMediaTypeNotSupportedException: Content-Type 'application/x-www-form-urlencoded;charset=UTF-8' is not supported]
2023-03-09 01:47:29.809 WARN  --- [restartedMain] org.hibernate.orm.deprecation - HHH90000021: Encountered deprecated setting [javax.persistence.sharedCache.mode], use [jakarta.persistence.sharedCache.mode] instead
2023-03-09 01:47:30.868 WARN  --- [restartedMain] o.s.b.a.o.j.JpaBaseConfiguration$JpaWebConfiguration - spring.jpa.open-in-view is enabled by default. Therefore, database queries may be performed during view rendering. Explicitly configure spring.jpa.open-in-view to disable this warning
2023-03-09 01:47:31.032 WARN  --- [restartedMain] org.thymeleaf.templatemode.TemplateMode - [THYMELEAF][restartedMain] Unknown Template Mode 'HTML5'. Must be one of: 'HTML', 'XML', 'TEXT', 'JAVASCRIPT', 'CSS', 'RAW'. Using default Template Mode 'HTML'.
2023-03-09 01:47:43.396 WARN  --- [restartedMain] org.hibernate.orm.deprecation - HHH90000021: Encountered deprecated setting [javax.persistence.sharedCache.mode], use [jakarta.persistence.sharedCache.mode] instead
2023-03-09 01:47:44.502 WARN  --- [restartedMain] o.s.b.a.o.j.JpaBaseConfiguration$JpaWebConfiguration - spring.jpa.open-in-view is enabled by default. Therefore, database queries may be performed during view rendering. Explicitly configure spring.jpa.open-in-view to disable this warning
2023-03-09 01:47:44.677 WARN  --- [restartedMain] org.thymeleaf.templatemode.TemplateMode - [THYMELEAF][restartedMain] Unknown Template Mode 'HTML5'. Must be one of: 'HTML', 'XML', 'TEXT', 'JAVASCRIPT', 'CSS', 'RAW'. Using default Template Mode 'HTML'.
2023-03-09 01:48:04.554 WARN  --- [http-nio-8080-exec-5] o.s.w.s.m.support.DefaultHandlerExceptionResolver - Resolved [org.springframework.web.HttpMediaTypeNotSupportedException: Content-Type 'application/x-www-form-urlencoded;charset=UTF-8' is not supported]
2023-03-09 01:59:04.261 WARN  --- [restartedMain] org.hibernate.orm.deprecation - HHH90000021: Encountered deprecated setting [javax.persistence.sharedCache.mode], use [jakarta.persistence.sharedCache.mode] instead
2023-03-09 01:59:05.580 WARN  --- [restartedMain] o.s.b.a.o.j.JpaBaseConfiguration$JpaWebConfiguration - spring.jpa.open-in-view is enabled by default. Therefore, database queries may be performed during view rendering. Explicitly configure spring.jpa.open-in-view to disable this warning
2023-03-09 01:59:05.852 WARN  --- [restartedMain] org.thymeleaf.templatemode.TemplateMode - [THYMELEAF][restartedMain] Unknown Template Mode 'HTML5'. Must be one of: 'HTML', 'XML', 'TEXT', 'JAVASCRIPT', 'CSS', 'RAW'. Using default Template Mode 'HTML'.
2023-03-09 02:00:46.043 WARN  --- [restartedMain] org.hibernate.orm.deprecation - HHH90000021: Encountered deprecated setting [javax.persistence.sharedCache.mode], use [jakarta.persistence.sharedCache.mode] instead
2023-03-09 02:00:47.296 WARN  --- [restartedMain] o.s.b.a.o.j.JpaBaseConfiguration$JpaWebConfiguration - spring.jpa.open-in-view is enabled by default. Therefore, database queries may be performed during view rendering. Explicitly configure spring.jpa.open-in-view to disable this warning
2023-03-09 02:00:47.506 WARN  --- [restartedMain] org.thymeleaf.templatemode.TemplateMode - [THYMELEAF][restartedMain] Unknown Template Mode 'HTML5'. Must be one of: 'HTML', 'XML', 'TEXT', 'JAVASCRIPT', 'CSS', 'RAW'. Using default Template Mode 'HTML'.
2023-03-09 02:01:52.876 WARN  --- [restartedMain] org.hibernate.orm.deprecation - HHH90000021: Encountered deprecated setting [javax.persistence.sharedCache.mode], use [jakarta.persistence.sharedCache.mode] instead
2023-03-09 02:01:54.202 WARN  --- [restartedMain] o.s.b.a.o.j.JpaBaseConfiguration$JpaWebConfiguration - spring.jpa.open-in-view is enabled by default. Therefore, database queries may be performed during view rendering. Explicitly configure spring.jpa.open-in-view to disable this warning
2023-03-09 02:01:54.389 WARN  --- [restartedMain] org.thymeleaf.templatemode.TemplateMode - [THYMELEAF][restartedMain] Unknown Template Mode 'HTML5'. Must be one of: 'HTML', 'XML', 'TEXT', 'JAVASCRIPT', 'CSS', 'RAW'. Using default Template Mode 'HTML'.
2023-03-09 02:03:06.297 WARN  --- [restartedMain] org.hibernate.orm.deprecation - HHH90000021: Encountered deprecated setting [javax.persistence.sharedCache.mode], use [jakarta.persistence.sharedCache.mode] instead
2023-03-09 02:03:07.635 WARN  --- [restartedMain] o.s.b.a.o.j.JpaBaseConfiguration$JpaWebConfiguration - spring.jpa.open-in-view is enabled by default. Therefore, database queries may be performed during view rendering. Explicitly configure spring.jpa.open-in-view to disable this warning
2023-03-09 02:03:07.867 WARN  --- [restartedMain] org.thymeleaf.templatemode.TemplateMode - [THYMELEAF][restartedMain] Unknown Template Mode 'HTML5'. Must be one of: 'HTML', 'XML', 'TEXT', 'JAVASCRIPT', 'CSS', 'RAW'. Using default Template Mode 'HTML'.
2023-03-09 02:04:57.119 WARN  --- [restartedMain] org.hibernate.orm.deprecation - HHH90000021: Encountered deprecated setting [javax.persistence.sharedCache.mode], use [jakarta.persistence.sharedCache.mode] instead
2023-03-09 02:04:58.324 WARN  --- [restartedMain] o.s.b.a.o.j.JpaBaseConfiguration$JpaWebConfiguration - spring.jpa.open-in-view is enabled by default. Therefore, database queries may be performed during view rendering. Explicitly configure spring.jpa.open-in-view to disable this warning
2023-03-09 02:04:58.521 WARN  --- [restartedMain] org.thymeleaf.templatemode.TemplateMode - [THYMELEAF][restartedMain] Unknown Template Mode 'HTML5'. Must be one of: 'HTML', 'XML', 'TEXT', 'JAVASCRIPT', 'CSS', 'RAW'. Using default Template Mode 'HTML'.
2023-03-09 02:19:27.615 WARN  --- [http-nio-8080-exec-8] o.s.w.s.m.support.DefaultHandlerExceptionResolver - Resolved [org.springframework.web.bind.MissingRequestCookieException: Required cookie 'login_' for method parameter type String is not present]
2023-03-09 02:24:03.587 WARN  --- [restartedMain] org.hibernate.orm.deprecation - HHH90000021: Encountered deprecated setting [javax.persistence.sharedCache.mode], use [jakarta.persistence.sharedCache.mode] instead
2023-03-09 02:24:04.784 WARN  --- [restartedMain] o.s.b.a.o.j.JpaBaseConfiguration$JpaWebConfiguration - spring.jpa.open-in-view is enabled by default. Therefore, database queries may be performed during view rendering. Explicitly configure spring.jpa.open-in-view to disable this warning
2023-03-09 02:24:04.996 WARN  --- [restartedMain] org.thymeleaf.templatemode.TemplateMode - [THYMELEAF][restartedMain] Unknown Template Mode 'HTML5'. Must be one of: 'HTML', 'XML', 'TEXT', 'JAVASCRIPT', 'CSS', 'RAW'. Using default Template Mode 'HTML'.
2023-03-09 02:29:33.499 WARN  --- [restartedMain] org.hibernate.orm.deprecation - HHH90000021: Encountered deprecated setting [javax.persistence.sharedCache.mode], use [jakarta.persistence.sharedCache.mode] instead
2023-03-09 02:29:34.772 WARN  --- [restartedMain] o.s.b.a.o.j.JpaBaseConfiguration$JpaWebConfiguration - spring.jpa.open-in-view is enabled by default. Therefore, database queries may be performed during view rendering. Explicitly configure spring.jpa.open-in-view to disable this warning
2023-03-09 02:29:34.982 WARN  --- [restartedMain] org.thymeleaf.templatemode.TemplateMode - [THYMELEAF][restartedMain] Unknown Template Mode 'HTML5'. Must be one of: 'HTML', 'XML', 'TEXT', 'JAVASCRIPT', 'CSS', 'RAW'. Using default Template Mode 'HTML'.
2023-03-09 02:29:35.473 WARN  --- [http-nio-8080-exec-1] o.s.w.s.m.support.DefaultHandlerExceptionResolver - Resolved [org.springframework.web.bind.MissingRequestCookieException: Required cookie 'login_' for method parameter type String is not present]
2023-03-09 02:31:43.911 WARN  --- [restartedMain] org.hibernate.orm.deprecation - HHH90000021: Encountered deprecated setting [javax.persistence.sharedCache.mode], use [jakarta.persistence.sharedCache.mode] instead
2023-03-09 02:31:45.231 WARN  --- [restartedMain] o.s.b.a.o.j.JpaBaseConfiguration$JpaWebConfiguration - spring.jpa.open-in-view is enabled by default. Therefore, database queries may be performed during view rendering. Explicitly configure spring.jpa.open-in-view to disable this warning
2023-03-09 02:31:45.517 WARN  --- [restartedMain] org.thymeleaf.templatemode.TemplateMode - [THYMELEAF][restartedMain] Unknown Template Mode 'HTML5'. Must be one of: 'HTML', 'XML', 'TEXT', 'JAVASCRIPT', 'CSS', 'RAW'. Using default Template Mode 'HTML'.
2023-03-09 02:32:41.310 WARN  --- [restartedMain] org.hibernate.orm.deprecation - HHH90000021: Encountered deprecated setting [javax.persistence.sharedCache.mode], use [jakarta.persistence.sharedCache.mode] instead
2023-03-09 02:32:42.499 WARN  --- [restartedMain] o.s.b.a.o.j.JpaBaseConfiguration$JpaWebConfiguration - spring.jpa.open-in-view is enabled by default. Therefore, database queries may be performed during view rendering. Explicitly configure spring.jpa.open-in-view to disable this warning
2023-03-09 02:32:42.688 WARN  --- [restartedMain] org.thymeleaf.templatemode.TemplateMode - [THYMELEAF][restartedMain] Unknown Template Mode 'HTML5'. Must be one of: 'HTML', 'XML', 'TEXT', 'JAVASCRIPT', 'CSS', 'RAW'. Using default Template Mode 'HTML'.
2023-03-09 02:33:25.376 WARN  --- [restartedMain] org.hibernate.orm.deprecation - HHH90000021: Encountered deprecated setting [javax.persistence.sharedCache.mode], use [jakarta.persistence.sharedCache.mode] instead
2023-03-09 02:33:26.578 WARN  --- [restartedMain] o.s.b.a.o.j.JpaBaseConfiguration$JpaWebConfiguration - spring.jpa.open-in-view is enabled by default. Therefore, database queries may be performed during view rendering. Explicitly configure spring.jpa.open-in-view to disable this warning
2023-03-09 02:33:26.850 WARN  --- [restartedMain] org.thymeleaf.templatemode.TemplateMode - [THYMELEAF][restartedMain] Unknown Template Mode 'HTML5'. Must be one of: 'HTML', 'XML', 'TEXT', 'JAVASCRIPT', 'CSS', 'RAW'. Using default Template Mode 'HTML'.
2023-03-09 02:34:23.712 WARN  --- [restartedMain] org.hibernate.orm.deprecation - HHH90000021: Encountered deprecated setting [javax.persistence.sharedCache.mode], use [jakarta.persistence.sharedCache.mode] instead
2023-03-09 02:34:24.941 WARN  --- [restartedMain] o.s.b.a.o.j.JpaBaseConfiguration$JpaWebConfiguration - spring.jpa.open-in-view is enabled by default. Therefore, database queries may be performed during view rendering. Explicitly configure spring.jpa.open-in-view to disable this warning
2023-03-09 02:34:25.132 WARN  --- [restartedMain] org.thymeleaf.templatemode.TemplateMode - [THYMELEAF][restartedMain] Unknown Template Mode 'HTML5'. Must be one of: 'HTML', 'XML', 'TEXT', 'JAVASCRIPT', 'CSS', 'RAW'. Using default Template Mode 'HTML'.
2023-03-09 20:55:12.507 WARN  --- [restartedMain] org.hibernate.orm.deprecation - HHH90000021: Encountered deprecated setting [javax.persistence.sharedCache.mode], use [jakarta.persistence.sharedCache.mode] instead
2023-03-09 20:55:14.169 WARN  --- [restartedMain] o.s.b.a.o.j.JpaBaseConfiguration$JpaWebConfiguration - spring.jpa.open-in-view is enabled by default. Therefore, database queries may be performed during view rendering. Explicitly configure spring.jpa.open-in-view to disable this warning
2023-03-09 20:55:14.430 WARN  --- [restartedMain] org.thymeleaf.templatemode.TemplateMode - [THYMELEAF][restartedMain] Unknown Template Mode 'HTML5'. Must be one of: 'HTML', 'XML', 'TEXT', 'JAVASCRIPT', 'CSS', 'RAW'. Using default Template Mode 'HTML'.
2023-03-09 20:55:31.858 WARN  --- [http-nio-8080-exec-3] o.s.w.s.m.support.DefaultHandlerExceptionResolver - Resolved [org.springframework.validation.BindException: org.springframework.validation.BeanPropertyBindingResult: 1 errors<EOL>Field error in object 'storeProductEntity' on field 'amount': rejected value [test]; codes [typeMismatch.storeProductEntity.amount,typeMismatch.amount,typeMismatch.java.lang.Integer,typeMismatch]; arguments [org.springframework.context.support.DefaultMessageSourceResolvable: codes [storeProductEntity.amount,amount]; arguments []; default message [amount]]; default message [Failed to convert property value of type 'java.lang.String' to required type 'java.lang.Integer' for property 'amount'; For input string: "test"]]
2023-03-09 21:00:14.457 WARN  --- [restartedMain] org.hibernate.orm.deprecation - HHH90000021: Encountered deprecated setting [javax.persistence.sharedCache.mode], use [jakarta.persistence.sharedCache.mode] instead
2023-03-09 21:00:16.206 WARN  --- [restartedMain] o.s.b.a.o.j.JpaBaseConfiguration$JpaWebConfiguration - spring.jpa.open-in-view is enabled by default. Therefore, database queries may be performed during view rendering. Explicitly configure spring.jpa.open-in-view to disable this warning
2023-03-09 21:00:16.591 WARN  --- [restartedMain] org.thymeleaf.templatemode.TemplateMode - [THYMELEAF][restartedMain] Unknown Template Mode 'HTML5'. Must be one of: 'HTML', 'XML', 'TEXT', 'JAVASCRIPT', 'CSS', 'RAW'. Using default Template Mode 'HTML'.
2023-03-09 21:01:13.880 WARN  --- [restartedMain] org.hibernate.orm.deprecation - HHH90000021: Encountered deprecated setting [javax.persistence.sharedCache.mode], use [jakarta.persistence.sharedCache.mode] instead
2023-03-09 21:01:15.901 WARN  --- [restartedMain] o.s.b.a.o.j.JpaBaseConfiguration$JpaWebConfiguration - spring.jpa.open-in-view is enabled by default. Therefore, database queries may be performed during view rendering. Explicitly configure spring.jpa.open-in-view to disable this warning
2023-03-09 21:01:16.272 WARN  --- [restartedMain] org.thymeleaf.templatemode.TemplateMode - [THYMELEAF][restartedMain] Unknown Template Mode 'HTML5'. Must be one of: 'HTML', 'XML', 'TEXT', 'JAVASCRIPT', 'CSS', 'RAW'. Using default Template Mode 'HTML'.
2023-03-09 21:01:57.401 WARN  --- [restartedMain] org.hibernate.orm.deprecation - HHH90000021: Encountered deprecated setting [javax.persistence.sharedCache.mode], use [jakarta.persistence.sharedCache.mode] instead
2023-03-09 21:01:58.811 WARN  --- [restartedMain] o.s.b.a.o.j.JpaBaseConfiguration$JpaWebConfiguration - spring.jpa.open-in-view is enabled by default. Therefore, database queries may be performed during view rendering. Explicitly configure spring.jpa.open-in-view to disable this warning
2023-03-09 21:01:59.011 WARN  --- [restartedMain] org.thymeleaf.templatemode.TemplateMode - [THYMELEAF][restartedMain] Unknown Template Mode 'HTML5'. Must be one of: 'HTML', 'XML', 'TEXT', 'JAVASCRIPT', 'CSS', 'RAW'. Using default Template Mode 'HTML'.
2023-03-09 21:03:43.264 WARN  --- [restartedMain] org.hibernate.orm.deprecation - HHH90000021: Encountered deprecated setting [javax.persistence.sharedCache.mode], use [jakarta.persistence.sharedCache.mode] instead
2023-03-09 21:03:44.579 WARN  --- [restartedMain] o.s.b.a.o.j.JpaBaseConfiguration$JpaWebConfiguration - spring.jpa.open-in-view is enabled by default. Therefore, database queries may be performed during view rendering. Explicitly configure spring.jpa.open-in-view to disable this warning
2023-03-09 21:03:44.836 WARN  --- [restartedMain] org.thymeleaf.templatemode.TemplateMode - [THYMELEAF][restartedMain] Unknown Template Mode 'HTML5'. Must be one of: 'HTML', 'XML', 'TEXT', 'JAVASCRIPT', 'CSS', 'RAW'. Using default Template Mode 'HTML'.
